<?xml version="1.0" encoding="UTF-8" ?>
<testsuite tests="1" failures="0" name="edu.gdpu.test.ResourceUtilsTest" time="0" errors="0" skipped="0">
  <properties>
    <property name="java.runtime.name" value="OpenJDK Runtime Environment"/>
    <property name="java.vm.version" value="11.0.3+12-b304.56"/>
    <property name="sun.boot.library.path" value="D:\IDEA\IntelliJ IDEA 2019.2.2\jbr\bin"/>
    <property name="maven.multiModuleProjectDirectory" value="D:\MySSM\spring"/>
    <property name="java.vm.vendor" value="JetBrains s.r.o"/>
    <property name="java.vendor.url" value="https://www.jetbrains.com/"/>
    <property name="guice.disable.misplaced.annotation.check" value="true"/>
    <property name="path.separator" value=";"/>
    <property name="java.vm.name" value="OpenJDK 64-Bit Server VM"/>
    <property name="sun.os.patch.level" value=""/>
    <property name="user.script" value=""/>
    <property name="user.country" value="CN"/>
    <property name="sun.java.launcher" value="SUN_STANDARD"/>
    <property name="java.vm.specification.name" value="Java Virtual Machine Specification"/>
    <property name="user.dir" value="D:\MySSM\spring"/>
    <property name="java.vm.compressedOopsMode" value="Zero based"/>
    <property name="java.runtime.version" value="11.0.3+12-b304.56"/>
    <property name="java.awt.graphicsenv" value="sun.awt.Win32GraphicsEnvironment"/>
    <property name="os.arch" value="amd64"/>
    <property name="java.io.tmpdir" value="C:\Users\嘿林梓~1\AppData\Local\Temp\"/>
    <property name="line.separator" value="
"/>
    <property name="java.vm.specification.vendor" value="Oracle Corporation"/>
    <property name="user.variant" value=""/>
    <property name="os.name" value="Windows 10"/>
    <property name="maven.ext.class.path" value="D:\IDEA\IntelliJ IDEA 2019.2.2\plugins\maven\lib\maven-event-listener.jar"/>
    <property name="classworlds.conf" value="D:\maven\bin\m2.conf"/>
    <property name="sun.jnu.encoding" value="GBK"/>
    <property name="java.library.path" value="D:\IDEA\IntelliJ IDEA 2019.2.2\jbr\bin;C:\WINDOWS\Sun\Java\bin;C:\WINDOWS\system32;C:\WINDOWS;D:\app\ilanky\product\12.2.0\dbhome_1\bin;D:\12c\product\12.2.0\dbhome_1\bin;D:\Database\OracleDatabase12c\product\12.2.0\dbhome_1\bin;D:\Xmanager\Xlpd 6\;D:\Xmanager\Xmanager 6\;C:\Program Files (x86)\Common Files\Oracle\Java\javapath;C:\Program Files (x86)\Common Files\Intel\Shared Libraries\redist\intel64\compiler;D:\Xshell\;D:\网络安全课程资料\Xshell\;C:\wind;ws\system32;C:\windows;C:\windows\System32\Wbem;C:\windows\System32\WindowsPowerShell\v1.0\;C:\windows\System32\OpenSSH\;C:\Program Files (x86)\NVIDIA Corporation\PhysX\Common;C:\WINDOWS\system32;C:\WINDOWS;C:\WINDOWS\System32\Wbem;C:\WINDOWS\System32\WindowsPowerShell\v1.0\;C:\WINDOWS\System32\OpenSSH\;D:\Node.js\;D:\wamp\bin\php\php7.3.1;D:\wamp\Composer;E:\Java\jdk-12.0.2\bin;E:\Java\jdk-12.0.2\jre\bin;D:\python\Anaconda\conda\Scripts;D:\python\Anaconda;D:\python\Anaconda\conda\Library\bin;C:\Program Files (x86)\Microsoft SQL Server\90\Tools\binn\;C:\Program Files (x86)\Microsoft SQL Server\80\Tools\Binn\;D:\sql2005\90\DTS\Binn\;D:\sql2005\90\Tools\binn\;D:\sql2005 (x86)\90\Tools\binn\;D:\sql2005 (x86)\90\DTS\Binn\;D:\sql2005 (x86)\90\Tools\Binn\VSShell\Common7\IDE\;C:\Program Files (x86)\Microsoft Visual Studio 8\Common7\IDE\PrivateAssemblies\;C:\Program Files (x86)\GtkSharp\2.12\bin;D:\Cmake\bin;D:\VS\VC\Tools\MSVC\14.22.27905\bin\Hostx64\x64;D:\VS\Common7\IDE;D:\git\Git\cmd;D:\maven\bin;D:\Go\bin;C:\Program Files\MySQL\MySQL Server 8.0\bin;E:\python\Scripts\;E:\python\;C:\Users\嘿 林梓鸿\AppData\Local\Microsoft\WindowsApps;D:\VScode\Microsoft VS Code\bin;D:\Node.js\node_global;C:\Users\嘿 林梓鸿\AppData\Roaming\Composer\vendor\bin;D:\ffmpeg\bin;;D:\pycharm\PyCharm Community Edition 2019.2.3\bin;;C:\Users\嘿 林梓鸿\go\bin;."/>
    <property name="maven.conf" value="D:\maven/conf"/>
    <property name="jdk.debug" value="release"/>
    <property name="java.class.version" value="55.0"/>
    <property name="java.specification.name" value="Java Platform API Specification"/>
    <property name="sun.management.compiler" value="HotSpot 64-Bit Tiered Compilers"/>
    <property name="maven.repo.local" value="D:\maven_local_repository"/>
    <property name="os.version" value="10.0"/>
    <property name="user.home" value="C:\Users\嘿 林梓鸿"/>
    <property name="user.timezone" value="GMT+08:00"/>
    <property name="java.awt.printerjob" value="sun.awt.windows.WPrinterJob"/>
    <property name="file.encoding" value="UTF-8"/>
    <property name="java.specification.version" value="11"/>
    <property name="user.name" value="嘿 林梓鸿"/>
    <property name="java.class.path" value="D:\maven\boot\plexus-classworlds-2.6.0.jar"/>
    <property name="idea.version2019.2.2" value="true"/>
    <property name="java.vm.specification.version" value="11"/>
    <property name="sun.arch.data.model" value="64"/>
    <property name="sun.java.command" value="org.codehaus.classworlds.Launcher -Didea.version2019.2.2 -s D:\maven\conf\settings.xml -Dmaven.repo.local=D:\maven_local_repository package"/>
    <property name="java.home" value="D:\IDEA\IntelliJ IDEA 2019.2.2\jbr"/>
    <property name="user.language" value="zh"/>
    <property name="java.specification.vendor" value="Oracle Corporation"/>
    <property name="awt.toolkit" value="sun.awt.windows.WToolkit"/>
    <property name="java.vm.info" value="mixed mode, sharing"/>
    <property name="java.version" value="11.0.3"/>
    <property name="java.vendor" value="JetBrains s.r.o"/>
    <property name="maven.home" value="D:\maven"/>
    <property name="file.separator" value="\"/>
    <property name="java.version.date" value="2019-04-16"/>
    <property name="java.vendor.url.bug" value="https://youtrack.jetbrains.com"/>
    <property name="sun.io.unicode.encoding" value="UnicodeLittle"/>
    <property name="sun.cpu.endian" value="little"/>
    <property name="sun.desktop" value="windows"/>
    <property name="sun.cpu.isalist" value="amd64"/>
  </properties>
  <testcase classname="edu.gdpu.test.ResourceUtilsTest" name="testLoad" time="0"/>
</testsuite>